<?xml version="1.0" encoding="utf-8"?><testsuites name="pytest tests"><testsuite name="pytest" errors="0" failures="0" skipped="0" tests="27" time="5.913" timestamp="2026-03-27T16:12:32.553428+00:00" hostname="agent-env-0f2306d7-cc53-4b3a-9b28-d8c6a646d703"><testcase classname="backend.tests.test_agora.TestAuth" name="test_login_success" time="0.407" /><testcase classname="backend.tests.test_agora.TestAuth" name="test_login_invalid" time="0.361" /><testcase classname="backend.tests.test_agora.TestAuth" name="test_get_me" time="0.502" /><testcase classname="backend.tests.test_agora.TestAuth" name="test_register_duplicate_email" time="0.192" /><testcase classname="backend.tests.test_agora.TestFeed" name="test_for_you_feed" time="0.124" /><testcase classname="backend.tests.test_agora.TestFeed" name="test_following_feed" time="0.138" /><testcase classname="backend.tests.test_agora.TestFeed" name="test_feed_requires_auth" time="0.101" /><testcase classname="backend.tests.test_agora.TestPosts" name="test_create_post" time="0.111" /><testcase classname="backend.tests.test_agora.TestPosts" name="test_get_post" time="0.153" /><testcase classname="backend.tests.test_agora.TestPosts" name="test_like_post" time="0.113" /><testcase classname="backend.tests.test_agora.TestPosts" name="test_unlike_post" time="0.099" /><testcase classname="backend.tests.test_agora.TestPosts" name="test_repost" time="0.391" /><testcase classname="backend.tests.test_agora.TestPosts" name="test_bookmark" time="0.284" /><testcase classname="backend.tests.test_agora.TestPosts" name="test_reply_to_post" time="0.105" /><testcase classname="backend.tests.test_agora.TestPosts" name="test_get_replies" time="0.146" /><testcase classname="backend.tests.test_agora.TestPosts" name="test_delete_post" time="0.241" /><testcase classname="backend.tests.test_agora.TestUsers" name="test_get_user_profile" time="0.354" /><testcase classname="backend.tests.test_agora.TestUsers" name="test_update_profile" time="0.126" /><testcase classname="backend.tests.test_agora.TestUsers" name="test_get_suggestions" time="0.129" /><testcase classname="backend.tests.test_agora.TestUsers" name="test_follow_unfollow" time="0.839" /><testcase classname="backend.tests.test_agora.TestExplore" name="test_trending" time="0.098" /><testcase classname="backend.tests.test_agora.TestExplore" name="test_search" time="0.143" /><testcase classname="backend.tests.test_agora.TestExplore" name="test_search_empty" time="0.123" /><testcase classname="backend.tests.test_agora.TestNotifications" name="test_get_notifications" time="0.109" /><testcase classname="backend.tests.test_agora.TestNotifications" name="test_unread_count" time="0.109" /><testcase classname="backend.tests.test_agora.TestNotifications" name="test_mark_read" time="0.108" /><testcase classname="backend.tests.test_agora.TestBookmarks" name="test_get_bookmarks" time="0.100" /></testsuite></testsuites>